nohup: ignoring input
Browsing PancakeMick following, new: 381
Browsing PancakeMick followers, new: 22
Resolving user ids to screen names: 100/359
Resolving user ids to screen names: 200/359
Resolving user ids to screen names: 300/359
Resolving user ids to screen names: 359/359
Account: pancakeboxwill be followed
These people are following me: 
[714145758237356032, 714623704110465025, 714145668647030788, 713717079489130496, 711297221820551169, 713078172414320648, 4849393814, 714037010390908932, 712174707710107648, 376442920, 468071981, 2610698034, 871424310, 4696400186, 4861501631, 846185928, 274465484, 696575503734599680, 3384027622, 3542667373, 4894611827, 4736221558]
359
marcosgomesmgs1
ZeddMiguel
4ryo22
agung_kaprell
aokiboy12
DAcoshuanca
Josubran2
lsampathakd1
andreyoksen
brunonicolas102
ubaldo59879794
Puchojensoooo
Avila2004Avila
alfredo_somber
PratyushShukl16
The_Rizy
Schabarum_
oswaldo13oso
GaderVlogs9
diyi_skr
hahuong98
ZoexFx1989
JulesysBnB
YaseenEssa
JahnelSongBird7
gixyjimenez
RandyCraigan
jenniferandrio1
carlosel_dj
Chwastuu
ArnoldVeli
AugustChase1
ThelHolo
tranthinh25195
cyf8
panchagelife
OscarDa93100770
laizianieugenio
GernimoDasilva1
beefy003
CHINA02091954
HarrN2135
DRVH_23
ximike52
LCantais
SUPERSOAER
JenMitch91
josesolanoriver
Gomez4Edward
williamamaya001
weareblessedd
jazurita819
ReMIGiusz95
ChandrakantRoh2
ZakaryaBenaissa
cgomezarias98
Sandra_Garrix
MohamedBerradi5
LeopoldoOrdun
caldo_26
AlejandraNola13
Eli_OopsHi_1D
lotus_yusuke06
Hsamphier1996
MariiYuzz
cormac_clarke98
fran_patata
mikesqe03
snalawades
TopPerfDelta
CoryYurkanin
Misthickss18
DiegoSa24117173
laylowboi79
Edwguns
srto_tbgomez
ophelie_agniel
priya13_priya
Emanuel749_Lpz
2000Adrian18
JuliaTonnerre
yiido19582318
AndrewH30973736
mi_pana2
Euphoria_Fest1
VitSkugga
NoraCliffordd
lucafontaine76
_fernandaAO_
Alejandrochapa4
Twitter sent status 401 for URL: 1.1/friendships/destroy.json using parameters: (oauth_consumer_key=tqwdpZpQyqIZV5ASRjGnaJfqW&oauth_nonce=14412915452637953059&oauth_signature_method=HMAC-SHA1&oauth_timestamp=1459273068&oauth_token=709143872840998913-LyddokwFjKU2FMc05fOMRsH4mBfuWiv&oauth_version=1.0&screen_name=Alejandrochapa4&oauth_signature=NDaT2usDlJgPDDlsuskx5%2F4R42g%3D)
details: {u'errors': [{u'message': u'Invalid or expired token.', u'code': 89}]}
morganperseph
Twitter sent status 401 for URL: 1.1/friendships/destroy.json using parameters: (oauth_consumer_key=tqwdpZpQyqIZV5ASRjGnaJfqW&oauth_nonce=2358858245147351919&oauth_signature_method=HMAC-SHA1&oauth_timestamp=1459273088&oauth_token=709143872840998913-LyddokwFjKU2FMc05fOMRsH4mBfuWiv&oauth_version=1.0&screen_name=morganperseph&oauth_signature=4lqkwlYi7D7GoQppy1%2BmZYuZFsI%3D)
details: {u'errors': [{u'message': u'Invalid or expired token.', u'code': 89}]}
Suryajibhosale7
Twitter sent status 401 for URL: 1.1/friendships/destroy.json using parameters: (oauth_consumer_key=tqwdpZpQyqIZV5ASRjGnaJfqW&oauth_nonce=13408297638655815779&oauth_signature_method=HMAC-SHA1&oauth_timestamp=1459273108&oauth_token=709143872840998913-LyddokwFjKU2FMc05fOMRsH4mBfuWiv&oauth_version=1.0&screen_name=Suryajibhosale7&oauth_signature=sBj4y0iGmpe409zXm2V5A%2BRw828%3D)
details: {u'errors': [{u'message': u'Invalid or expired token.', u'code': 89}]}
ShubhaamRathore
Twitter sent status 401 for URL: 1.1/friendships/destroy.json using parameters: (oauth_consumer_key=tqwdpZpQyqIZV5ASRjGnaJfqW&oauth_nonce=2941727609773319067&oauth_signature_method=HMAC-SHA1&oauth_timestamp=1459273128&oauth_token=709143872840998913-LyddokwFjKU2FMc05fOMRsH4mBfuWiv&oauth_version=1.0&screen_name=ShubhaamRathore&oauth_signature=%2BT5R%2BFRRTRTnknR9nzA85VjTWs4%3D)
details: {u'errors': [{u'message': u'Invalid or expired token.', u'code': 89}]}
angelrogers991
Twitter sent status 401 for URL: 1.1/friendships/destroy.json using parameters: (oauth_consumer_key=tqwdpZpQyqIZV5ASRjGnaJfqW&oauth_nonce=16572060123536549135&oauth_signature_method=HMAC-SHA1&oauth_timestamp=1459273148&oauth_token=709143872840998913-LyddokwFjKU2FMc05fOMRsH4mBfuWiv&oauth_version=1.0&screen_name=angelrogers991&oauth_signature=To%2FgXJLDW4EfLfzPdteSN%2FwNIPQ%3D)
details: {u'errors': [{u'message': u'Invalid or expired token.', u'code': 89}]}
Greer103
Twitter sent status 401 for URL: 1.1/friendships/destroy.json using parameters: (oauth_consumer_key=tqwdpZpQyqIZV5ASRjGnaJfqW&oauth_nonce=1248930344783797540&oauth_signature_method=HMAC-SHA1&oauth_timestamp=1459273169&oauth_token=709143872840998913-LyddokwFjKU2FMc05fOMRsH4mBfuWiv&oauth_version=1.0&screen_name=Greer103&oauth_signature=S42tZaIfaHb1ZSvfYrGt6KyLi9Y%3D)
details: {u'errors': [{u'message': u'Invalid or expired token.', u'code': 89}]}
cristia03977958
Twitter sent status 401 for URL: 1.1/friendships/destroy.json using parameters: (oauth_consumer_key=tqwdpZpQyqIZV5ASRjGnaJfqW&oauth_nonce=13294054582551662699&oauth_signature_method=HMAC-SHA1&oauth_timestamp=1459273189&oauth_token=709143872840998913-LyddokwFjKU2FMc05fOMRsH4mBfuWiv&oauth_version=1.0&screen_name=cristia03977958&oauth_signature=a2h2i9nxoCM0J1zmAN%2F9RlyY%2B4Q%3D)
details: {u'errors': [{u'message': u'Invalid or expired token.', u'code': 89}]}
WoknSmeedMusic
Twitter sent status 401 for URL: 1.1/friendships/destroy.json using parameters: (oauth_consumer_key=tqwdpZpQyqIZV5ASRjGnaJfqW&oauth_nonce=9850210765906414598&oauth_signature_method=HMAC-SHA1&oauth_timestamp=1459273209&oauth_token=709143872840998913-LyddokwFjKU2FMc05fOMRsH4mBfuWiv&oauth_version=1.0&screen_name=WoknSmeedMusic&oauth_signature=5g0m64pEgxhVrhUdqDWLeqMUTcc%3D)
details: {u'errors': [{u'message': u'Invalid or expired token.', u'code': 89}]}
bilmiyomi
Twitter sent status 401 for URL: 1.1/friendships/destroy.json using parameters: (oauth_consumer_key=tqwdpZpQyqIZV5ASRjGnaJfqW&oauth_nonce=4213455640826257008&oauth_signature_method=HMAC-SHA1&oauth_timestamp=1459273229&oauth_token=709143872840998913-LyddokwFjKU2FMc05fOMRsH4mBfuWiv&oauth_version=1.0&screen_name=bilmiyomi&oauth_signature=4TW%2Fjm4Tj2volWgT3%2B9pyImm6tc%3D)
details: {u'errors': [{u'message': u'Invalid or expired token.', u'code': 89}]}
Juicebox89
Twitter sent status 401 for URL: 1.1/friendships/destroy.json using parameters: (oauth_consumer_key=tqwdpZpQyqIZV5ASRjGnaJfqW&oauth_nonce=10592530505976641351&oauth_signature_method=HMAC-SHA1&oauth_timestamp=1459273249&oauth_token=709143872840998913-LyddokwFjKU2FMc05fOMRsH4mBfuWiv&oauth_version=1.0&screen_name=Juicebox89&oauth_signature=Erjab95tN0ie7FhGK1hXfrdXbu4%3D)
details: {u'errors': [{u'message': u'Invalid or expired token.', u'code': 89}]}
romeanator
Twitter sent status 401 for URL: 1.1/friendships/destroy.json using parameters: (oauth_consumer_key=tqwdpZpQyqIZV5ASRjGnaJfqW&oauth_nonce=9517660148999767300&oauth_signature_method=HMAC-SHA1&oauth_timestamp=1459273270&oauth_token=709143872840998913-LyddokwFjKU2FMc05fOMRsH4mBfuWiv&oauth_version=1.0&screen_name=romeanator&oauth_signature=ISIEbUq5yReuewVV0rJBaThabTA%3D)
details: {u'errors': [{u'message': u'Invalid or expired token.', u'code': 89}]}
Makoto2144
Twitter sent status 401 for URL: 1.1/friendships/destroy.json using parameters: (oauth_consumer_key=tqwdpZpQyqIZV5ASRjGnaJfqW&oauth_nonce=17704166312693675992&oauth_signature_method=HMAC-SHA1&oauth_timestamp=1459273290&oauth_token=709143872840998913-LyddokwFjKU2FMc05fOMRsH4mBfuWiv&oauth_version=1.0&screen_name=Makoto2144&oauth_signature=SQa6CJc%2FnhX78yrEtEO7dJaEMME%3D)
details: {u'errors': [{u'message': u'Invalid or expired token.', u'code': 89}]}
gulllermo
Twitter sent status 401 for URL: 1.1/friendships/destroy.json using parameters: (oauth_consumer_key=tqwdpZpQyqIZV5ASRjGnaJfqW&oauth_nonce=12444771000844463528&oauth_signature_method=HMAC-SHA1&oauth_timestamp=1459273310&oauth_token=709143872840998913-LyddokwFjKU2FMc05fOMRsH4mBfuWiv&oauth_version=1.0&screen_name=gulllermo&oauth_signature=yc54ngcqQEtwVYjUGvAtqApkuQ8%3D)
details: {u'errors': [{u'message': u'Invalid or expired token.', u'code': 89}]}
xixihk88
Twitter sent status 401 for URL: 1.1/friendships/destroy.json using parameters: (oauth_consumer_key=tqwdpZpQyqIZV5ASRjGnaJfqW&oauth_nonce=15787031325117548128&oauth_signature_method=HMAC-SHA1&oauth_timestamp=1459273330&oauth_token=709143872840998913-LyddokwFjKU2FMc05fOMRsH4mBfuWiv&oauth_version=1.0&screen_name=xixihk88&oauth_signature=X8Z1BHkOifBOA%2FbzVm9NsTjnAH4%3D)
details: {u'errors': [{u'message': u'Invalid or expired token.', u'code': 89}]}
cgmarck20
Twitter sent status 401 for URL: 1.1/friendships/destroy.json using parameters: (oauth_consumer_key=tqwdpZpQyqIZV5ASRjGnaJfqW&oauth_nonce=5300747290302235924&oauth_signature_method=HMAC-SHA1&oauth_timestamp=1459273350&oauth_token=709143872840998913-LyddokwFjKU2FMc05fOMRsH4mBfuWiv&oauth_version=1.0&screen_name=cgmarck20&oauth_signature=ULee4N2nHEQ6LLwrC1ADOWJ15VY%3D)
details: {u'errors': [{u'message': u'Invalid or expired token.', u'code': 89}]}
walterestrada8
Twitter sent status 401 for URL: 1.1/friendships/destroy.json using parameters: (oauth_consumer_key=tqwdpZpQyqIZV5ASRjGnaJfqW&oauth_nonce=7612935875079849181&oauth_signature_method=HMAC-SHA1&oauth_timestamp=1459273370&oauth_token=709143872840998913-LyddokwFjKU2FMc05fOMRsH4mBfuWiv&oauth_version=1.0&screen_name=walterestrada8&oauth_signature=07gUOG5e4RCVSQ%2BtykZqB4BzN9Q%3D)
details: {u'errors': [{u'message': u'Invalid or expired token.', u'code': 89}]}
blaas_9
Twitter sent status 401 for URL: 1.1/friendships/destroy.json using parameters: (oauth_consumer_key=tqwdpZpQyqIZV5ASRjGnaJfqW&oauth_nonce=10264362857300478422&oauth_signature_method=HMAC-SHA1&oauth_timestamp=1459273391&oauth_token=709143872840998913-LyddokwFjKU2FMc05fOMRsH4mBfuWiv&oauth_version=1.0&screen_name=blaas_9&oauth_signature=fvlShuWQm9TmGTBqHeZRuTbt%2F8E%3D)
details: {u'errors': [{u'message': u'Invalid or expired token.', u'code': 89}]}
BarwaniK
Twitter sent status 401 for URL: 1.1/friendships/destroy.json using parameters: (oauth_consumer_key=tqwdpZpQyqIZV5ASRjGnaJfqW&oauth_nonce=12805251133931249268&oauth_signature_method=HMAC-SHA1&oauth_timestamp=1459273411&oauth_token=709143872840998913-LyddokwFjKU2FMc05fOMRsH4mBfuWiv&oauth_version=1.0&screen_name=BarwaniK&oauth_signature=9NYQJpjbG0QNjJu%2FmWDUH5sdH%2BY%3D)
details: {u'errors': [{u'message': u'Invalid or expired token.', u'code': 89}]}
sadambukhari3
Twitter sent status 401 for URL: 1.1/friendships/destroy.json using parameters: (oauth_consumer_key=tqwdpZpQyqIZV5ASRjGnaJfqW&oauth_nonce=1138647327952044808&oauth_signature_method=HMAC-SHA1&oauth_timestamp=1459273431&oauth_token=709143872840998913-LyddokwFjKU2FMc05fOMRsH4mBfuWiv&oauth_version=1.0&screen_name=sadambukhari3&oauth_signature=2CASbo%2B4KYCYx9Lk5%2B9LafXp3TA%3D)
details: {u'errors': [{u'message': u'Invalid or expired token.', u'code': 89}]}
mullerferencne
Twitter sent status 401 for URL: 1.1/friendships/destroy.json using parameters: (oauth_consumer_key=tqwdpZpQyqIZV5ASRjGnaJfqW&oauth_nonce=13607650887891580048&oauth_signature_method=HMAC-SHA1&oauth_timestamp=1459273451&oauth_token=709143872840998913-LyddokwFjKU2FMc05fOMRsH4mBfuWiv&oauth_version=1.0&screen_name=mullerferencne&oauth_signature=Hiu578gnErAFZM4IgR%2F5uUhZqWo%3D)
details: {u'errors': [{u'message': u'Invalid or expired token.', u'code': 89}]}
RealRoadRunnerY
Twitter sent status 401 for URL: 1.1/friendships/destroy.json using parameters: (oauth_consumer_key=tqwdpZpQyqIZV5ASRjGnaJfqW&oauth_nonce=8663974635125155109&oauth_signature_method=HMAC-SHA1&oauth_timestamp=1459273471&oauth_token=709143872840998913-LyddokwFjKU2FMc05fOMRsH4mBfuWiv&oauth_version=1.0&screen_name=RealRoadRunnerY&oauth_signature=lilTU0BMQPjiG61ebOZ8PhFJSj8%3D)
details: {u'errors': [{u'message': u'Invalid or expired token.', u'code': 89}]}
d_jeks
Twitter sent status 401 for URL: 1.1/friendships/destroy.json using parameters: (oauth_consumer_key=tqwdpZpQyqIZV5ASRjGnaJfqW&oauth_nonce=14684851505436281951&oauth_signature_method=HMAC-SHA1&oauth_timestamp=1459273492&oauth_token=709143872840998913-LyddokwFjKU2FMc05fOMRsH4mBfuWiv&oauth_version=1.0&screen_name=d_jeks&oauth_signature=j8NUFc6%2FZLzV%2B1uIkZ%2Bp99dVkQQ%3D)
details: {u'errors': [{u'message': u'Invalid or expired token.', u'code': 89}]}
janniehabibuw
Twitter sent status 401 for URL: 1.1/friendships/destroy.json using parameters: (oauth_consumer_key=tqwdpZpQyqIZV5ASRjGnaJfqW&oauth_nonce=17176380118765207083&oauth_signature_method=HMAC-SHA1&oauth_timestamp=1459273512&oauth_token=709143872840998913-LyddokwFjKU2FMc05fOMRsH4mBfuWiv&oauth_version=1.0&screen_name=janniehabibuw&oauth_signature=693JuJ9PKkZmAHbVXvOLJNQOHi4%3D)
details: {u'errors': [{u'message': u'Invalid or expired token.', u'code': 89}]}
DKGarcia87
Twitter sent status 401 for URL: 1.1/friendships/destroy.json using parameters: (oauth_consumer_key=tqwdpZpQyqIZV5ASRjGnaJfqW&oauth_nonce=18318450768667386531&oauth_signature_method=HMAC-SHA1&oauth_timestamp=1459273532&oauth_token=709143872840998913-LyddokwFjKU2FMc05fOMRsH4mBfuWiv&oauth_version=1.0&screen_name=DKGarcia87&oauth_signature=qgwzAbVBfeVHV7H6qb3B2bDmN1o%3D)
details: {u'errors': [{u'message': u'Invalid or expired token.', u'code': 89}]}
LateFilingTaxes
Twitter sent status 401 for URL: 1.1/friendships/destroy.json using parameters: (oauth_consumer_key=tqwdpZpQyqIZV5ASRjGnaJfqW&oauth_nonce=16913079709415594218&oauth_signature_method=HMAC-SHA1&oauth_timestamp=1459273552&oauth_token=709143872840998913-LyddokwFjKU2FMc05fOMRsH4mBfuWiv&oauth_version=1.0&screen_name=LateFilingTaxes&oauth_signature=oOWwEnBFbVwB0f3E%2BdMzivZ9anE%3D)
details: {u'errors': [{u'message': u'Invalid or expired token.', u'code': 89}]}
PundirAnirudh
Twitter sent status 401 for URL: 1.1/friendships/destroy.json using parameters: (oauth_consumer_key=tqwdpZpQyqIZV5ASRjGnaJfqW&oauth_nonce=8045495599382819739&oauth_signature_method=HMAC-SHA1&oauth_timestamp=1459273572&oauth_token=709143872840998913-LyddokwFjKU2FMc05fOMRsH4mBfuWiv&oauth_version=1.0&screen_name=PundirAnirudh&oauth_signature=UVr7nH5nig11JKB1k3gEFfaTOIA%3D)
details: {u'errors': [{u'message': u'Invalid or expired token.', u'code': 89}]}
_DjMista
Twitter sent status 401 for URL: 1.1/friendships/destroy.json using parameters: (oauth_consumer_key=tqwdpZpQyqIZV5ASRjGnaJfqW&oauth_nonce=15442526238595858519&oauth_signature_method=HMAC-SHA1&oauth_timestamp=1459273592&oauth_token=709143872840998913-LyddokwFjKU2FMc05fOMRsH4mBfuWiv&oauth_version=1.0&screen_name=_DjMista&oauth_signature=eBvJhYQIeBuFt8B06e8z6LLyCUM%3D)
details: {u'errors': [{u'message': u'Invalid or expired token.', u'code': 89}]}
xxagustin1025xx
Twitter sent status 401 for URL: 1.1/friendships/destroy.json using parameters: (oauth_consumer_key=tqwdpZpQyqIZV5ASRjGnaJfqW&oauth_nonce=4959331429763981632&oauth_signature_method=HMAC-SHA1&oauth_timestamp=1459273613&oauth_token=709143872840998913-LyddokwFjKU2FMc05fOMRsH4mBfuWiv&oauth_version=1.0&screen_name=xxagustin1025xx&oauth_signature=HwQuwdaOT0rpckA0j0o48yacjxI%3D)
details: {u'errors': [{u'message': u'Invalid or expired token.', u'code': 89}]}
sarahgo02665009
Twitter sent status 401 for URL: 1.1/friendships/destroy.json using parameters: (oauth_consumer_key=tqwdpZpQyqIZV5ASRjGnaJfqW&oauth_nonce=2104270245066773223&oauth_signature_method=HMAC-SHA1&oauth_timestamp=1459273633&oauth_token=709143872840998913-LyddokwFjKU2FMc05fOMRsH4mBfuWiv&oauth_version=1.0&screen_name=sarahgo02665009&oauth_signature=GtYUQUrt5YJX3hJxTCRLk3Jiozo%3D)
details: {u'errors': [{u'message': u'Invalid or expired token.', u'code': 89}]}
gems_babie
Twitter sent status 401 for URL: 1.1/friendships/destroy.json using parameters: (oauth_consumer_key=tqwdpZpQyqIZV5ASRjGnaJfqW&oauth_nonce=2530680983177188569&oauth_signature_method=HMAC-SHA1&oauth_timestamp=1459273653&oauth_token=709143872840998913-LyddokwFjKU2FMc05fOMRsH4mBfuWiv&oauth_version=1.0&screen_name=gems_babie&oauth_signature=28ynquoH2iu4ZKHbbmkdTwH5ofc%3D)
details: {u'errors': [{u'message': u'Invalid or expired token.', u'code': 89}]}
JuanCastroHerr4
Twitter sent status 401 for URL: 1.1/friendships/destroy.json using parameters: (oauth_consumer_key=tqwdpZpQyqIZV5ASRjGnaJfqW&oauth_nonce=7596472078765791240&oauth_signature_method=HMAC-SHA1&oauth_timestamp=1459273673&oauth_token=709143872840998913-LyddokwFjKU2FMc05fOMRsH4mBfuWiv&oauth_version=1.0&screen_name=JuanCastroHerr4&oauth_signature=m%2FD8%2BSsojXefmDHtr4X5baXro20%3D)
details: {u'errors': [{u'message': u'Invalid or expired token.', u'code': 89}]}
NanaMichopoulou
Twitter sent status 401 for URL: 1.1/friendships/destroy.json using parameters: (oauth_consumer_key=tqwdpZpQyqIZV5ASRjGnaJfqW&oauth_nonce=3435904561600937449&oauth_signature_method=HMAC-SHA1&oauth_timestamp=1459273693&oauth_token=709143872840998913-LyddokwFjKU2FMc05fOMRsH4mBfuWiv&oauth_version=1.0&screen_name=NanaMichopoulou&oauth_signature=fAqZ2b5kqHk8D2OLYA7I%2BkpRtYI%3D)
details: {u'errors': [{u'message': u'Invalid or expired token.', u'code': 89}]}
Jeison17Cr
Twitter sent status 401 for URL: 1.1/friendships/destroy.json using parameters: (oauth_consumer_key=tqwdpZpQyqIZV5ASRjGnaJfqW&oauth_nonce=15184269678681457306&oauth_signature_method=HMAC-SHA1&oauth_timestamp=1459273714&oauth_token=709143872840998913-LyddokwFjKU2FMc05fOMRsH4mBfuWiv&oauth_version=1.0&screen_name=Jeison17Cr&oauth_signature=tWpJ88YO%2FQRPZ%2Brr5VHahHdh6QA%3D)
details: {u'errors': [{u'message': u'Invalid or expired token.', u'code': 89}]}
andreesteban141
Twitter sent status 401 for URL: 1.1/friendships/destroy.json using parameters: (oauth_consumer_key=tqwdpZpQyqIZV5ASRjGnaJfqW&oauth_nonce=7019493191823917037&oauth_signature_method=HMAC-SHA1&oauth_timestamp=1459273734&oauth_token=709143872840998913-LyddokwFjKU2FMc05fOMRsH4mBfuWiv&oauth_version=1.0&screen_name=andreesteban141&oauth_signature=fi1C9vpaacgf5qz6zk%2Bs5JlcTa8%3D)
details: {u'errors': [{u'message': u'Invalid or expired token.', u'code': 89}]}
0m_yadav
Twitter sent status 401 for URL: 1.1/friendships/destroy.json using parameters: (oauth_consumer_key=tqwdpZpQyqIZV5ASRjGnaJfqW&oauth_nonce=16057549837445548409&oauth_signature_method=HMAC-SHA1&oauth_timestamp=1459273754&oauth_token=709143872840998913-LyddokwFjKU2FMc05fOMRsH4mBfuWiv&oauth_version=1.0&screen_name=0m_yadav&oauth_signature=8iVYuqXR4iEl8tRThxCOFFcOwC4%3D)
details: {u'errors': [{u'message': u'Invalid or expired token.', u'code': 89}]}
NickyLahm
Twitter sent status 401 for URL: 1.1/friendships/destroy.json using parameters: (oauth_consumer_key=tqwdpZpQyqIZV5ASRjGnaJfqW&oauth_nonce=7326412708699621172&oauth_signature_method=HMAC-SHA1&oauth_timestamp=1459273774&oauth_token=709143872840998913-LyddokwFjKU2FMc05fOMRsH4mBfuWiv&oauth_version=1.0&screen_name=NickyLahm&oauth_signature=w%2FpXRGKLd5vvBuz0s2r3XaPTI7s%3D)
details: {u'errors': [{u'message': u'Invalid or expired token.', u'code': 89}]}
SzvaHenrietta
Twitter sent status 401 for URL: 1.1/friendships/destroy.json using parameters: (oauth_consumer_key=tqwdpZpQyqIZV5ASRjGnaJfqW&oauth_nonce=5167542921005755042&oauth_signature_method=HMAC-SHA1&oauth_timestamp=1459273794&oauth_token=709143872840998913-LyddokwFjKU2FMc05fOMRsH4mBfuWiv&oauth_version=1.0&screen_name=SzvaHenrietta&oauth_signature=oaJks7KT5qIx%2BBKDpOciYjE5dpc%3D)
details: {u'errors': [{u'message': u'Invalid or expired token.', u'code': 89}]}
YEXZJ
Twitter sent status 401 for URL: 1.1/friendships/destroy.json using parameters: (oauth_consumer_key=tqwdpZpQyqIZV5ASRjGnaJfqW&oauth_nonce=183048735398751188&oauth_signature_method=HMAC-SHA1&oauth_timestamp=1459273814&oauth_token=709143872840998913-LyddokwFjKU2FMc05fOMRsH4mBfuWiv&oauth_version=1.0&screen_name=YEXZJ&oauth_signature=334pbGSb9JCH1y%2F6QttIvEG76ok%3D)
details: {u'errors': [{u'message': u'Invalid or expired token.', u'code': 89}]}
shutitdownmusic
Twitter sent status 401 for URL: 1.1/friendships/destroy.json using parameters: (oauth_consumer_key=tqwdpZpQyqIZV5ASRjGnaJfqW&oauth_nonce=17535013051812258566&oauth_signature_method=HMAC-SHA1&oauth_timestamp=1459273835&oauth_token=709143872840998913-LyddokwFjKU2FMc05fOMRsH4mBfuWiv&oauth_version=1.0&screen_name=shutitdownmusic&oauth_signature=I8crHWEeyZQOC0Y%2F4Xc5MtzmMCQ%3D)
details: {u'errors': [{u'message': u'Invalid or expired token.', u'code': 89}]}
Nyarui_Yury
Twitter sent status 401 for URL: 1.1/friendships/destroy.json using parameters: (oauth_consumer_key=tqwdpZpQyqIZV5ASRjGnaJfqW&oauth_nonce=1939041097154856453&oauth_signature_method=HMAC-SHA1&oauth_timestamp=1459273855&oauth_token=709143872840998913-LyddokwFjKU2FMc05fOMRsH4mBfuWiv&oauth_version=1.0&screen_name=Nyarui_Yury&oauth_signature=xeKb09lzJ%2BsQUTK3%2B265EHrbSDo%3D)
details: {u'errors': [{u'message': u'Invalid or expired token.', u'code': 89}]}
Alex12_12A
Twitter sent status 401 for URL: 1.1/friendships/destroy.json using parameters: (oauth_consumer_key=tqwdpZpQyqIZV5ASRjGnaJfqW&oauth_nonce=16532492611562492378&oauth_signature_method=HMAC-SHA1&oauth_timestamp=1459273875&oauth_token=709143872840998913-LyddokwFjKU2FMc05fOMRsH4mBfuWiv&oauth_version=1.0&screen_name=Alex12_12A&oauth_signature=qs0CzYwC%2BtLbjQZaSofCxSF%2BbMc%3D)
details: {u'errors': [{u'message': u'Invalid or expired token.', u'code': 89}]}
WADHERCHIRAG
Twitter sent status 401 for URL: 1.1/friendships/destroy.json using parameters: (oauth_consumer_key=tqwdpZpQyqIZV5ASRjGnaJfqW&oauth_nonce=758526644781793667&oauth_signature_method=HMAC-SHA1&oauth_timestamp=1459273895&oauth_token=709143872840998913-LyddokwFjKU2FMc05fOMRsH4mBfuWiv&oauth_version=1.0&screen_name=WADHERCHIRAG&oauth_signature=b5NmwfPmliO86SfIv4w5eVvZ%2BtI%3D)
details: {u'errors': [{u'message': u'Invalid or expired token.', u'code': 89}]}
ManoJao1
Twitter sent status 401 for URL: 1.1/friendships/destroy.json using parameters: (oauth_consumer_key=tqwdpZpQyqIZV5ASRjGnaJfqW&oauth_nonce=13921589953566104442&oauth_signature_method=HMAC-SHA1&oauth_timestamp=1459273915&oauth_token=709143872840998913-LyddokwFjKU2FMc05fOMRsH4mBfuWiv&oauth_version=1.0&screen_name=ManoJao1&oauth_signature=MSaOEsifXv3nYCj2Y22U%2B0Pp7UU%3D)
details: {u'errors': [{u'message': u'Invalid or expired token.', u'code': 89}]}
AllysonTomm
Twitter sent status 401 for URL: 1.1/friendships/destroy.json using parameters: (oauth_consumer_key=tqwdpZpQyqIZV5ASRjGnaJfqW&oauth_nonce=11666804503353228125&oauth_signature_method=HMAC-SHA1&oauth_timestamp=1459273936&oauth_token=709143872840998913-LyddokwFjKU2FMc05fOMRsH4mBfuWiv&oauth_version=1.0&screen_name=AllysonTomm&oauth_signature=ZYtFNW65tQkU5bu2MJ3uGtv2m6k%3D)
details: {u'errors': [{u'message': u'Invalid or expired token.', u'code': 89}]}
arenasadrian7
Twitter sent status 401 for URL: 1.1/friendships/destroy.json using parameters: (oauth_consumer_key=tqwdpZpQyqIZV5ASRjGnaJfqW&oauth_nonce=5482516912543140564&oauth_signature_method=HMAC-SHA1&oauth_timestamp=1459273956&oauth_token=709143872840998913-LyddokwFjKU2FMc05fOMRsH4mBfuWiv&oauth_version=1.0&screen_name=arenasadrian7&oauth_signature=EgqXj3HeMiiTfdr1arKtye7FDcc%3D)
details: {u'errors': [{u'message': u'Invalid or expired token.', u'code': 89}]}
ahmed_modyking
Twitter sent status 401 for URL: 1.1/friendships/destroy.json using parameters: (oauth_consumer_key=tqwdpZpQyqIZV5ASRjGnaJfqW&oauth_nonce=2143601691885029656&oauth_signature_method=HMAC-SHA1&oauth_timestamp=1459273976&oauth_token=709143872840998913-LyddokwFjKU2FMc05fOMRsH4mBfuWiv&oauth_version=1.0&screen_name=ahmed_modyking&oauth_signature=Z7SAvLui7KjP0WJzST942cmDjeo%3D)
details: {u'errors': [{u'message': u'Invalid or expired token.', u'code': 89}]}
1khkhkh1
Twitter sent status 401 for URL: 1.1/friendships/destroy.json using parameters: (oauth_consumer_key=tqwdpZpQyqIZV5ASRjGnaJfqW&oauth_nonce=9431774168538239625&oauth_signature_method=HMAC-SHA1&oauth_timestamp=1459273996&oauth_token=709143872840998913-LyddokwFjKU2FMc05fOMRsH4mBfuWiv&oauth_version=1.0&screen_name=1khkhkh1&oauth_signature=QSkVxeS344l%2BQo3w2H%2Fv1dGV5sw%3D)
details: {u'errors': [{u'message': u'Invalid or expired token.', u'code': 89}]}
Tijoujou
Twitter sent status 401 for URL: 1.1/friendships/destroy.json using parameters: (oauth_consumer_key=tqwdpZpQyqIZV5ASRjGnaJfqW&oauth_nonce=10429784098746400153&oauth_signature_method=HMAC-SHA1&oauth_timestamp=1459274016&oauth_token=709143872840998913-LyddokwFjKU2FMc05fOMRsH4mBfuWiv&oauth_version=1.0&screen_name=Tijoujou&oauth_signature=srjC8qCNnJgWj92D8MDMmihaVjk%3D)
details: {u'errors': [{u'message': u'Invalid or expired token.', u'code': 89}]}
rodolfo_2198
Twitter sent status 401 for URL: 1.1/friendships/destroy.json using parameters: (oauth_consumer_key=tqwdpZpQyqIZV5ASRjGnaJfqW&oauth_nonce=7273833377151490774&oauth_signature_method=HMAC-SHA1&oauth_timestamp=1459274037&oauth_token=709143872840998913-LyddokwFjKU2FMc05fOMRsH4mBfuWiv&oauth_version=1.0&screen_name=rodolfo_2198&oauth_signature=ClISGt1VLiKIQF8SDwVdzQLJIvk%3D)
details: {u'errors': [{u'message': u'Invalid or expired token.', u'code': 89}]}
GoldMuzic
Twitter sent status 401 for URL: 1.1/friendships/destroy.json using parameters: (oauth_consumer_key=tqwdpZpQyqIZV5ASRjGnaJfqW&oauth_nonce=13378325760202473217&oauth_signature_method=HMAC-SHA1&oauth_timestamp=1459274057&oauth_token=709143872840998913-LyddokwFjKU2FMc05fOMRsH4mBfuWiv&oauth_version=1.0&screen_name=GoldMuzic&oauth_signature=9e9JFBpJqJ9gbV%2B6rtgApL85uX8%3D)
details: {u'errors': [{u'message': u'Invalid or expired token.', u'code': 89}]}
blake_sanz
Twitter sent status 401 for URL: 1.1/friendships/destroy.json using parameters: (oauth_consumer_key=tqwdpZpQyqIZV5ASRjGnaJfqW&oauth_nonce=18305321497070704748&oauth_signature_method=HMAC-SHA1&oauth_timestamp=1459274077&oauth_token=709143872840998913-LyddokwFjKU2FMc05fOMRsH4mBfuWiv&oauth_version=1.0&screen_name=blake_sanz&oauth_signature=akSRSzg0f5rLNVlKBAwohiFxy3I%3D)
details: {u'errors': [{u'message': u'Invalid or expired token.', u'code': 89}]}
Bevelyna_Sukkie
Twitter sent status 401 for URL: 1.1/friendships/destroy.json using parameters: (oauth_consumer_key=tqwdpZpQyqIZV5ASRjGnaJfqW&oauth_nonce=5469672340038595136&oauth_signature_method=HMAC-SHA1&oauth_timestamp=1459274097&oauth_token=709143872840998913-LyddokwFjKU2FMc05fOMRsH4mBfuWiv&oauth_version=1.0&screen_name=Bevelyna_Sukkie&oauth_signature=iG%2F43a0pa3%2BqGtRjsEYKrKd%2FGoc%3D)
details: {u'errors': [{u'message': u'Invalid or expired token.', u'code': 89}]}
KatalJha
Twitter sent status 401 for URL: 1.1/friendships/destroy.json using parameters: (oauth_consumer_key=tqwdpZpQyqIZV5ASRjGnaJfqW&oauth_nonce=16098292650374760119&oauth_signature_method=HMAC-SHA1&oauth_timestamp=1459274117&oauth_token=709143872840998913-LyddokwFjKU2FMc05fOMRsH4mBfuWiv&oauth_version=1.0&screen_name=KatalJha&oauth_signature=ETnpUgVALVnf0G7ZNQbACWHho4I%3D)
details: {u'errors': [{u'message': u'Invalid or expired token.', u'code': 89}]}
TabataGarciaM
Twitter sent status 401 for URL: 1.1/friendships/destroy.json using parameters: (oauth_consumer_key=tqwdpZpQyqIZV5ASRjGnaJfqW&oauth_nonce=2398756351802638061&oauth_signature_method=HMAC-SHA1&oauth_timestamp=1459274138&oauth_token=709143872840998913-LyddokwFjKU2FMc05fOMRsH4mBfuWiv&oauth_version=1.0&screen_name=TabataGarciaM&oauth_signature=FJpLYZZrr4iTk1Uzm0memgQ%2BAtQ%3D)
details: {u'errors': [{u'message': u'Invalid or expired token.', u'code': 89}]}
AvdSloot
Twitter sent status 401 for URL: 1.1/friendships/destroy.json using parameters: (oauth_consumer_key=tqwdpZpQyqIZV5ASRjGnaJfqW&oauth_nonce=264485175277197835&oauth_signature_method=HMAC-SHA1&oauth_timestamp=1459274158&oauth_token=709143872840998913-LyddokwFjKU2FMc05fOMRsH4mBfuWiv&oauth_version=1.0&screen_name=AvdSloot&oauth_signature=6Jo931viOQn3H44nATJBgzd5s2g%3D)
details: {u'errors': [{u'message': u'Invalid or expired token.', u'code': 89}]}
d1iko
Twitter sent status 401 for URL: 1.1/friendships/destroy.json using parameters: (oauth_consumer_key=tqwdpZpQyqIZV5ASRjGnaJfqW&oauth_nonce=17970140557539961677&oauth_signature_method=HMAC-SHA1&oauth_timestamp=1459274178&oauth_token=709143872840998913-LyddokwFjKU2FMc05fOMRsH4mBfuWiv&oauth_version=1.0&screen_name=d1iko&oauth_signature=3a6CT3OqXLhbeGB1HufIi3aip2s%3D)
details: {u'errors': [{u'message': u'Invalid or expired token.', u'code': 89}]}
moritz_mller20
Twitter sent status 401 for URL: 1.1/friendships/destroy.json using parameters: (oauth_consumer_key=tqwdpZpQyqIZV5ASRjGnaJfqW&oauth_nonce=4593060845424981917&oauth_signature_method=HMAC-SHA1&oauth_timestamp=1459274198&oauth_token=709143872840998913-LyddokwFjKU2FMc05fOMRsH4mBfuWiv&oauth_version=1.0&screen_name=moritz_mller20&oauth_signature=9JCb5tZ3bzFUMR7y9l64hXVrW4o%3D)
details: {u'errors': [{u'message': u'Invalid or expired token.', u'code': 89}]}
WILLYGTGAMER
Twitter sent status 401 for URL: 1.1/friendships/destroy.json using parameters: (oauth_consumer_key=tqwdpZpQyqIZV5ASRjGnaJfqW&oauth_nonce=1882208555501133821&oauth_signature_method=HMAC-SHA1&oauth_timestamp=1459274218&oauth_token=709143872840998913-LyddokwFjKU2FMc05fOMRsH4mBfuWiv&oauth_version=1.0&screen_name=WILLYGTGAMER&oauth_signature=CmVsDWGiPgoLRQBWCadlVKKjiA8%3D)
details: {u'errors': [{u'message': u'Invalid or expired token.', u'code': 89}]}
garrixfandom
Twitter sent status 401 for URL: 1.1/friendships/destroy.json using parameters: (oauth_consumer_key=tqwdpZpQyqIZV5ASRjGnaJfqW&oauth_nonce=18036629412061469323&oauth_signature_method=HMAC-SHA1&oauth_timestamp=1459274238&oauth_token=709143872840998913-LyddokwFjKU2FMc05fOMRsH4mBfuWiv&oauth_version=1.0&screen_name=garrixfandom&oauth_signature=2VMfE00MXdioPt7IxIxrKfrLTBI%3D)
details: {u'errors': [{u'message': u'Invalid or expired token.', u'code': 89}]}
yicellismar
Twitter sent status 401 for URL: 1.1/friendships/destroy.json using parameters: (oauth_consumer_key=tqwdpZpQyqIZV5ASRjGnaJfqW&oauth_nonce=16879540161934999917&oauth_signature_method=HMAC-SHA1&oauth_timestamp=1459274259&oauth_token=709143872840998913-LyddokwFjKU2FMc05fOMRsH4mBfuWiv&oauth_version=1.0&screen_name=yicellismar&oauth_signature=z836gmdpEqq9rV7Yu44njgSXPNQ%3D)
details: {u'errors': [{u'message': u'Invalid or expired token.', u'code': 89}]}
anamariaveiga31
Twitter sent status 401 for URL: 1.1/friendships/destroy.json using parameters: (oauth_consumer_key=tqwdpZpQyqIZV5ASRjGnaJfqW&oauth_nonce=5637294626298227756&oauth_signature_method=HMAC-SHA1&oauth_timestamp=1459274279&oauth_token=709143872840998913-LyddokwFjKU2FMc05fOMRsH4mBfuWiv&oauth_version=1.0&screen_name=anamariaveiga31&oauth_signature=zjHY8HMbWc1jdxRJXwcdSOPFVx8%3D)
details: {u'errors': [{u'message': u'Invalid or expired token.', u'code': 89}]}
studpham
Twitter sent status 401 for URL: 1.1/friendships/destroy.json using parameters: (oauth_consumer_key=tqwdpZpQyqIZV5ASRjGnaJfqW&oauth_nonce=16107939119016357377&oauth_signature_method=HMAC-SHA1&oauth_timestamp=1459274299&oauth_token=709143872840998913-LyddokwFjKU2FMc05fOMRsH4mBfuWiv&oauth_version=1.0&screen_name=studpham&oauth_signature=MTZI3odFJXBQ%2B%2BYzfi3KufPR2Ag%3D)
details: {u'errors': [{u'message': u'Invalid or expired token.', u'code': 89}]}
Anymated
Twitter sent status 401 for URL: 1.1/friendships/destroy.json using parameters: (oauth_consumer_key=tqwdpZpQyqIZV5ASRjGnaJfqW&oauth_nonce=4219519383098978096&oauth_signature_method=HMAC-SHA1&oauth_timestamp=1459274319&oauth_token=709143872840998913-LyddokwFjKU2FMc05fOMRsH4mBfuWiv&oauth_version=1.0&screen_name=Anymated&oauth_signature=Ia1CwJ8IAKsV5c%2Bg481IoOkC0OQ%3D)
details: {u'errors': [{u'message': u'Invalid or expired token.', u'code': 89}]}
Jairgarxsand
Twitter sent status 401 for URL: 1.1/friendships/destroy.json using parameters: (oauth_consumer_key=tqwdpZpQyqIZV5ASRjGnaJfqW&oauth_nonce=13044314158927306593&oauth_signature_method=HMAC-SHA1&oauth_timestamp=1459274339&oauth_token=709143872840998913-LyddokwFjKU2FMc05fOMRsH4mBfuWiv&oauth_version=1.0&screen_name=Jairgarxsand&oauth_signature=3IogmaGIgVyY1oZXq20CtnU550Y%3D)
details: {u'errors': [{u'message': u'Invalid or expired token.', u'code': 89}]}
Luigi_Esteban13
Twitter sent status 401 for URL: 1.1/friendships/destroy.json using parameters: (oauth_consumer_key=tqwdpZpQyqIZV5ASRjGnaJfqW&oauth_nonce=1868391164172186815&oauth_signature_method=HMAC-SHA1&oauth_timestamp=1459274360&oauth_token=709143872840998913-LyddokwFjKU2FMc05fOMRsH4mBfuWiv&oauth_version=1.0&screen_name=Luigi_Esteban13&oauth_signature=PDaF5VNHzHKz4pqWPn4Tb04GWVc%3D)
details: {u'errors': [{u'message': u'Invalid or expired token.', u'code': 89}]}
tyely001
Twitter sent status 401 for URL: 1.1/friendships/destroy.json using parameters: (oauth_consumer_key=tqwdpZpQyqIZV5ASRjGnaJfqW&oauth_nonce=5954289300937576058&oauth_signature_method=HMAC-SHA1&oauth_timestamp=1459274380&oauth_token=709143872840998913-LyddokwFjKU2FMc05fOMRsH4mBfuWiv&oauth_version=1.0&screen_name=tyely001&oauth_signature=X9Jjkdp4%2BVBZG8UXmm9flA6NM%2FM%3D)
details: {u'errors': [{u'message': u'Invalid or expired token.', u'code': 89}]}
nekokawaii0897
Twitter sent status 401 for URL: 1.1/friendships/destroy.json using parameters: (oauth_consumer_key=tqwdpZpQyqIZV5ASRjGnaJfqW&oauth_nonce=8694662193987763994&oauth_signature_method=HMAC-SHA1&oauth_timestamp=1459274400&oauth_token=709143872840998913-LyddokwFjKU2FMc05fOMRsH4mBfuWiv&oauth_version=1.0&screen_name=nekokawaii0897&oauth_signature=m61YcTToKKIDAhBGZ%2FemzYPOQpA%3D)
details: {u'errors': [{u'message': u'Invalid or expired token.', u'code': 89}]}
leonelfin1
Twitter sent status 401 for URL: 1.1/friendships/destroy.json using parameters: (oauth_consumer_key=tqwdpZpQyqIZV5ASRjGnaJfqW&oauth_nonce=17451521196081599630&oauth_signature_method=HMAC-SHA1&oauth_timestamp=1459274420&oauth_token=709143872840998913-LyddokwFjKU2FMc05fOMRsH4mBfuWiv&oauth_version=1.0&screen_name=leonelfin1&oauth_signature=uyl5QkfB0tBpNMHH1xEonuAVc5I%3D)
details: {u'errors': [{u'message': u'Invalid or expired token.', u'code': 89}]}
ArielOliva10
Twitter sent status 401 for URL: 1.1/friendships/destroy.json using parameters: (oauth_consumer_key=tqwdpZpQyqIZV5ASRjGnaJfqW&oauth_nonce=4918167714268800329&oauth_signature_method=HMAC-SHA1&oauth_timestamp=1459274440&oauth_token=709143872840998913-LyddokwFjKU2FMc05fOMRsH4mBfuWiv&oauth_version=1.0&screen_name=ArielOliva10&oauth_signature=HZJrTHL9NpWEgWtQpPigWkDgjTs%3D)
details: {u'errors': [{u'message': u'Invalid or expired token.', u'code': 89}]}
EricChee97
Twitter sent status 401 for URL: 1.1/friendships/destroy.json using parameters: (oauth_consumer_key=tqwdpZpQyqIZV5ASRjGnaJfqW&oauth_nonce=6784981889238125668&oauth_signature_method=HMAC-SHA1&oauth_timestamp=1459274461&oauth_token=709143872840998913-LyddokwFjKU2FMc05fOMRsH4mBfuWiv&oauth_version=1.0&screen_name=EricChee97&oauth_signature=mY4bzxT5PKUnsS%2BT37AR38NI75M%3D)
details: {u'errors': [{u'message': u'Invalid or expired token.', u'code': 89}]}
abelardo_azocar
Twitter sent status 401 for URL: 1.1/friendships/destroy.json using parameters: (oauth_consumer_key=tqwdpZpQyqIZV5ASRjGnaJfqW&oauth_nonce=16176239052275529657&oauth_signature_method=HMAC-SHA1&oauth_timestamp=1459274481&oauth_token=709143872840998913-LyddokwFjKU2FMc05fOMRsH4mBfuWiv&oauth_version=1.0&screen_name=abelardo_azocar&oauth_signature=czp4MDwqT06LVybbto%2F5xY9s0Ak%3D)
details: {u'errors': [{u'message': u'Invalid or expired token.', u'code': 89}]}
Bautista39Oscar
Twitter sent status 401 for URL: 1.1/friendships/destroy.json using parameters: (oauth_consumer_key=tqwdpZpQyqIZV5ASRjGnaJfqW&oauth_nonce=13260452597071291885&oauth_signature_method=HMAC-SHA1&oauth_timestamp=1459274501&oauth_token=709143872840998913-LyddokwFjKU2FMc05fOMRsH4mBfuWiv&oauth_version=1.0&screen_name=Bautista39Oscar&oauth_signature=D6%2FDNaldn25cgXsMl3f4zIDe8ME%3D)
details: {u'errors': [{u'message': u'Invalid or expired token.', u'code': 89}]}
wentrix_tv
Twitter sent status 401 for URL: 1.1/friendships/destroy.json using parameters: (oauth_consumer_key=tqwdpZpQyqIZV5ASRjGnaJfqW&oauth_nonce=4757495523354741636&oauth_signature_method=HMAC-SHA1&oauth_timestamp=1459274521&oauth_token=709143872840998913-LyddokwFjKU2FMc05fOMRsH4mBfuWiv&oauth_version=1.0&screen_name=wentrix_tv&oauth_signature=lUZW6mYaGBeReC7JN6M0fjvJZX8%3D)
details: {u'errors': [{u'message': u'Invalid or expired token.', u'code': 89}]}
herbeth95
Twitter sent status 401 for URL: 1.1/friendships/destroy.json using parameters: (oauth_consumer_key=tqwdpZpQyqIZV5ASRjGnaJfqW&oauth_nonce=14812276032585997892&oauth_signature_method=HMAC-SHA1&oauth_timestamp=1459274541&oauth_token=709143872840998913-LyddokwFjKU2FMc05fOMRsH4mBfuWiv&oauth_version=1.0&screen_name=herbeth95&oauth_signature=Qt%2B09Z397KIZUe1%2FDb8agCUpgbg%3D)
details: {u'errors': [{u'message': u'Invalid or expired token.', u'code': 89}]}
axl_yolo
Twitter sent status 401 for URL: 1.1/friendships/destroy.json using parameters: (oauth_consumer_key=tqwdpZpQyqIZV5ASRjGnaJfqW&oauth_nonce=15692364523649699809&oauth_signature_method=HMAC-SHA1&oauth_timestamp=1459274561&oauth_token=709143872840998913-LyddokwFjKU2FMc05fOMRsH4mBfuWiv&oauth_version=1.0&screen_name=axl_yolo&oauth_signature=mHQoWlRD11IqUgahwUW4%2BUCzvjU%3D)
details: {u'errors': [{u'message': u'Invalid or expired token.', u'code': 89}]}
NohemiMosso
Twitter sent status 401 for URL: 1.1/friendships/destroy.json using parameters: (oauth_consumer_key=tqwdpZpQyqIZV5ASRjGnaJfqW&oauth_nonce=4773901009158602987&oauth_signature_method=HMAC-SHA1&oauth_timestamp=1459274582&oauth_token=709143872840998913-LyddokwFjKU2FMc05fOMRsH4mBfuWiv&oauth_version=1.0&screen_name=NohemiMosso&oauth_signature=4e9BYza2VPo9lhzBh4PttCMTvgU%3D)
details: {u'errors': [{u